<?xml version="1.0" encoding="UTF-8"?>
<!-- Generated by org.testng.reporters.JUnitXMLReporter -->
<testsuite ignored="1" hostname="DESKTOP-ELU3M4T" failures="0" tests="1" name="Default test" time="30.988" errors="0" timestamp="2024-09-10T10:26:50 IST">
  <testcase classname="testScripts.UsersPageTest" name="verifyDeleteUser" time="21.336"/>
  <testcase classname="testScripts.UsersPageTest" name="verifyViewUser" time="0.0">
    <ignored/>
  </testcase> <!-- verifyViewUser -->
</testsuite> <!-- Default test -->
