<?xml version="1.0" encoding="UTF-8"?>
<!-- Generated by org.testng.reporters.JUnitXMLReporter -->
<testsuite ignored="1" hostname="DESKTOP-ELU3M4T" failures="0" tests="1" name="Default test" time="16.22" errors="0" timestamp="2024-08-22T18:54:39 IST">
  <testcase classname="testScripts.PasswordResetPageTest" name="verifyResetPasswordWithExistingUserEmail" time="3.509"/>
  <testcase classname="testScripts.PasswordResetPageTest" name="verifyResetPasswordWithNonExistingUserEmail" time="0.0">
    <ignored/>
  </testcase> <!-- verifyResetPasswordWithNonExistingUserEmail -->
</testsuite> <!-- Default test -->
