<?xml version="1.0" encoding="UTF-8"?>
<!-- Generated by org.testng.reporters.JUnitXMLReporter -->
<testsuite ignored="0" hostname="DESKTOP-ELU3M4T" failures="0" tests="3" name="CreateImportContactTest" time="89.963" errors="0" timestamp="2024-08-30T15:53:52 IST">
  <testcase classname="testScripts.CreateUsersPageTest" name="verifyAddNewUser" time="27.871"/>
  <testcase classname="testScripts.CreateUsersPageTest" name="verifyLoginWithNewlyAddedUser" time="31.915"/>
  <testcase classname="testScripts.ImportContactsPageTest" name="verifyImportCustomerContacts" time="6.054"/>
</testsuite> <!-- CreateImportContactTest -->
