<?xml version="1.0" encoding="UTF-8"?>
<!-- Generated by org.testng.reporters.JUnitXMLReporter -->
<testsuite ignored="0" hostname="DESKTOP-ELU3M4T" failures="0" tests="3" name="CreateImportContactTest" time="124.409" errors="0" timestamp="2024-08-30T13:03:35 IST">
  <testcase classname="testScripts.CreateUsersPageTest" name="verifyAddNewUser" time="39.038"/>
  <testcase classname="testScripts.CreateUsersPageTest" name="verifyLoginWithNewlyAddedUser" time="36.801"/>
  <testcase classname="testScripts.ImportContactsPageTest" name="verifyImportCustomerContacts" time="6.912"/>
</testsuite> <!-- CreateImportContactTest -->
