<?xml version="1.0" encoding="UTF-8"?>
<!-- Generated by org.testng.reporters.JUnitXMLReporter -->
<testsuite ignored="0" hostname="DESKTOP-ELU3M4T" failures="1" tests="4" name="HomeUserAndProfileTest" time="100.814" errors="0" timestamp="2024-08-30T13:03:12 IST">
  <testcase classname="testScripts.HomePageTest" name="verifyUserLoginDate" time="4.428"/>
  <testcase classname="testScripts.UsersPageTest" name="verifyDeleteUser" time="21.352"/>
  <testcase classname="testScripts.UsersPageTest" name="verifyViewUser" time="9.768"/>
  <testcase classname="testScripts.UserProfilePageTest" name="verifyEditProfile" time="9.416">
    <failure type="java.lang.AssertionError" message="User profile is not updated expected [Pok.Mannyahoo.com] but found []">
      <![CDATA[java.lang.AssertionError: User profile is not updated expected [Pok.Mannyahoo.com] but found []
at testScripts.UserProfilePageTest.verifyEditProfile(UserProfilePageTest.java:37)
at java.base/java.util.ArrayList.forEach(ArrayList.java:1596)
at java.base/java.util.concurrent.FutureTask.run(FutureTask.java:317)
at java.base/java.util.concurrent.ThreadPoolExecutor.runWorker(ThreadPoolExecutor.java:1144)
at java.base/java.util.concurrent.ThreadPoolExecutor$Worker.run(ThreadPoolExecutor.java:642)
at java.base/java.lang.Thread.run(Thread.java:1583)
... Removed 20 stack frames]]>
    </failure>
  </testcase> <!-- verifyEditProfile -->
</testsuite> <!-- HomeUserAndProfileTest -->
