<?xml version="1.0" encoding="UTF-8"?>
<!-- Generated by org.testng.reporters.JUnitXMLReporter -->
<testsuite ignored="0" hostname="DESKTOP-ELU3M4T" failures="0" tests="5" name="Test" time="140.959" errors="0" timestamp="2024-09-10T19:52:55 IST">
  <testcase classname="testScripts.CreateUsersPageTest" name="verifyAddNewUser" time="30.665"/>
  <testcase classname="testScripts.CreateUsersPageTest" name="verifyLoginWithNewlyAddedUser" time="32.02"/>
  <testcase classname="testScripts.HomePageTest" name="verifyUserLoginDate" time="2.918"/>
  <testcase classname="testScripts.UsersPageTest" name="verifyDeleteUser" time="30.677"/>
  <testcase classname="testScripts.UsersPageTest" name="verifyViewUser" time="5.64"/>
</testsuite> <!-- Test -->
