<?xml version="1.0" encoding="UTF-8"?>
<!-- Generated by org.testng.reporters.JUnitXMLReporter -->
<testsuite ignored="0" hostname="DESKTOP-ELU3M4T" failures="0" tests="5" name="Test" time="68.31" errors="0" timestamp="2024-08-30T14:24:42 IST">
  <testcase classname="testScripts.HomePageTest" name="verifyUserLoginDate" time="4.552"/>
  <testcase classname="testScripts.LoginPageTest" name="verifyUserLoginWithInvalidCredentials" time="1.54"/>
  <testcase classname="testScripts.LoginPageTest" name="verifyUserLoginWithInvalidCredentials" time="1.505"/>
  <testcase classname="testScripts.LoginPageTest" name="verifyUserLoginWithInvalidCredentials" time="0.948"/>
  <testcase classname="testScripts.LoginPageTest" name="verifyValidUserLogin" time="3.266"/>
</testsuite> <!-- Test -->
