<?xml version="1.0" encoding="UTF-8"?>
<testng-results ignored="0" total="2" passed="2" failed="0" skipped="0">
  <reporter-output>
  </reporter-output>
  <suite started-at="2024-08-27T21:27:20 IST" name="Default suite" finished-at="2024-08-27T21:28:25 IST" duration-ms="64860">
    <groups>
    </groups>
    <test started-at="2024-08-27T21:27:20 IST" name="Default test" finished-at="2024-08-27T21:28:25 IST" duration-ms="64860">
      <class name="testScripts.UsersPageTest">
        <test-method is-config="true" signature="setBrowser()[pri:0, instance:testScripts.UsersPageTest@35e2d654]" started-at="2024-08-27T21:27:20 IST" name="setBrowser" finished-at="2024-08-27T21:27:34 IST" duration-ms="13301" status="PASS">
          <reporter-output>
          </reporter-output>
        </test-method> <!-- setBrowser -->
        <test-method signature="verifyDeleteUser()[pri:0, instance:testScripts.UsersPageTest@35e2d654]" started-at="2024-08-27T21:27:34 IST" name="verifyDeleteUser" finished-at="2024-08-27T21:28:04 IST" duration-ms="29743" status="PASS">
          <reporter-output>
          </reporter-output>
        </test-method> <!-- verifyDeleteUser -->
        <test-method is-config="true" signature="closeBrowser()[pri:0, instance:testScripts.UsersPageTest@35e2d654]" started-at="2024-08-27T21:28:04 IST" name="closeBrowser" finished-at="2024-08-27T21:28:09 IST" duration-ms="5633" status="PASS">
          <reporter-output>
          </reporter-output>
        </test-method> <!-- closeBrowser -->
        <test-method is-config="true" signature="setBrowser()[pri:0, instance:testScripts.UsersPageTest@35e2d654]" started-at="2024-08-27T21:28:09 IST" name="setBrowser" finished-at="2024-08-27T21:28:18 IST" duration-ms="8465" status="PASS">
          <reporter-output>
          </reporter-output>
        </test-method> <!-- setBrowser -->
        <test-method signature="verifyViewUser()[pri:0, instance:testScripts.UsersPageTest@35e2d654]" started-at="2024-08-27T21:28:18 IST" name="verifyViewUser" finished-at="2024-08-27T21:28:25 IST" duration-ms="7320" status="PASS">
          <reporter-output>
          </reporter-output>
        </test-method> <!-- verifyViewUser -->
        <test-method is-config="true" signature="closeBrowser()[pri:0, instance:testScripts.UsersPageTest@35e2d654]" started-at="2024-08-27T21:28:25 IST" name="closeBrowser" finished-at="2024-08-27T21:28:25 IST" duration-ms="342" status="PASS">
          <reporter-output>
          </reporter-output>
        </test-method> <!-- closeBrowser -->
      </class> <!-- testScripts.UsersPageTest -->
    </test> <!-- Default test -->
  </suite> <!-- Default suite -->
</testng-results>
